Using pre-set license
Built from '2021.3/staging' branch; Version is '2021.3.24f1 (cf10dcf7010d) revision 13570268'; Using compiler version '192829333'; Build Type 'Release'
OS: 'Windows 10  (10.0.19044) 64bit Core' Language: 'en' Physical Memory: 16298 MB
BatchMode: 1, IsHumanControllingUs: 0, StartBugReporterOnCrash: 0, Is64bit: 1, IsPro: 1

COMMAND LINE ARGUMENTS:
C:\Program Files\Unity\Hub\Editor\2021.3.24f1\Editor\Unity.exe
-adb2
-batchMode
-noUpm
-name
AssetImportWorker0
-projectPath
C:/Users/Admin/Documents/GitHub/Orbital-THAW-AND-RYAN-NEW/new project
-logFile
Logs/AssetImportWorker0.log
-srvPort
60545
Successfully changed project path to: C:/Users/Admin/Documents/GitHub/Orbital-THAW-AND-RYAN-NEW/new project
C:/Users/Admin/Documents/GitHub/Orbital-THAW-AND-RYAN-NEW/new project
[UnityMemory] Configuration Parameters - Can be set up in boot.config
    "memorysetup-bucket-allocator-granularity=16"
    "memorysetup-bucket-allocator-bucket-count=8"
    "memorysetup-bucket-allocator-block-size=33554432"
    "memorysetup-bucket-allocator-block-count=8"
    "memorysetup-main-allocator-block-size=16777216"
    "memorysetup-thread-allocator-block-size=16777216"
    "memorysetup-gfx-main-allocator-block-size=16777216"
    "memorysetup-gfx-thread-allocator-block-size=16777216"
    "memorysetup-cache-allocator-block-size=4194304"
    "memorysetup-typetree-allocator-block-size=2097152"
    "memorysetup-profiler-bucket-allocator-granularity=16"
    "memorysetup-profiler-bucket-allocator-bucket-count=8"
    "memorysetup-profiler-bucket-allocator-block-size=33554432"
    "memorysetup-profiler-bucket-allocator-block-count=8"
    "memorysetup-profiler-allocator-block-size=16777216"
    "memorysetup-profiler-editor-allocator-block-size=1048576"
    "memorysetup-temp-allocator-size-main=16777216"
    "memorysetup-job-temp-allocator-block-size=2097152"
    "memorysetup-job-temp-allocator-block-size-background=1048576"
    "memorysetup-job-temp-allocator-reduction-small-platforms=262144"
    "memorysetup-temp-allocator-size-background-worker=32768"
    "memorysetup-temp-allocator-size-job-worker=262144"
    "memorysetup-temp-allocator-size-preload-manager=33554432"
    "memorysetup-temp-allocator-size-nav-mesh-worker=65536"
    "memorysetup-temp-allocator-size-audio-worker=65536"
    "memorysetup-temp-allocator-size-cloud-worker=32768"
    "memorysetup-temp-allocator-size-gi-baking-worker=262144"
    "memorysetup-temp-allocator-size-gfx=262144"
Player connection [9908] Host "[IP] 192.168.18.5 [Port] 0 [Flags] 2 [Guid] 3023652375 [EditorId] 3023652375 [Version] 1048832 [Id] WindowsEditor(7,DESKTOP-N5P2OV1) [Debug] 1 [PackageName] WindowsEditor [ProjectName] Editor" joined multi-casting on [225.0.0.222:54997]...

Player connection [9908] Host "[IP] 192.168.18.5 [Port] 0 [Flags] 2 [Guid] 3023652375 [EditorId] 3023652375 [Version] 1048832 [Id] WindowsEditor(7,DESKTOP-N5P2OV1) [Debug] 1 [PackageName] WindowsEditor [ProjectName] Editor" joined alternative multi-casting on [225.0.0.222:34997]...

Refreshing native plugins compatible for Editor in 106.42 ms, found 7 plugins.
Preloading 0 native plugins for Editor in 0.00 ms.
Initialize engine version: 2021.3.24f1 (cf10dcf7010d)
[Subsystems] Discovering subsystems at path C:/Program Files/Unity/Hub/Editor/2021.3.24f1/Editor/Data/Resources/UnitySubsystems
[Subsystems] Discovering subsystems at path C:/Users/Admin/Documents/GitHub/Orbital-THAW-AND-RYAN-NEW/new project/Assets
GfxDevice: creating device client; threaded=0; jobified=0
Direct3D:
    Version:  Direct3D 11.0 [level 11.1]
    Renderer: NVIDIA GeForce RTX 2060 (ID=0x1f08)
    Vendor:   NVIDIA
    VRAM:     5980 MB
    Driver:   31.0.15.1694
Initialize mono
Mono path[0] = 'C:/Program Files/Unity/Hub/Editor/2021.3.24f1/Editor/Data/Managed'
Mono path[1] = 'C:/Program Files/Unity/Hub/Editor/2021.3.24f1/Editor/Data/MonoBleedingEdge/lib/mono/unityjit-win32'
Mono config path = 'C:/Program Files/Unity/Hub/Editor/2021.3.24f1/Editor/Data/MonoBleedingEdge/etc'
Using monoOptions --debugger-agent=transport=dt_socket,embedding=1,server=y,suspend=n,address=127.0.0.1:56356
Begin MonoManager ReloadAssembly
Registering precompiled unity dll's ...
Register platform support module: C:/Program Files/Unity/Hub/Editor/2021.3.24f1/Editor/Data/PlaybackEngines/WebGLSupport/UnityEditor.WebGL.Extensions.dll
Register platform support module: C:/Program Files/Unity/Hub/Editor/2021.3.24f1/Editor/Data/PlaybackEngines/WindowsStandaloneSupport/UnityEditor.WindowsStandalone.Extensions.dll
Registered in 0.008442 seconds.
Native extension for WindowsStandalone target not found
Native extension for WebGL target not found
Refreshing native plugins compatible for Editor in 96.24 ms, found 7 plugins.
Preloading 0 native plugins for Editor in 0.00 ms.
Mono: successfully reloaded assembly
- Completed reload, in  0.626 seconds
Domain Reload Profiling:
	ReloadAssembly (626ms)
		BeginReloadAssembly (84ms)
			ExecutionOrderSort (0ms)
			DisableScriptedObjects (0ms)
			BackupInstance (0ms)
			ReleaseScriptingObjects (0ms)
			CreateAndSetChildDomain (1ms)
		EndReloadAssembly (441ms)
			LoadAssemblies (82ms)
			RebuildTransferFunctionScriptingTraits (0ms)
			SetupTypeCache (104ms)
			ReleaseScriptCaches (0ms)
			RebuildScriptCaches (24ms)
			SetupLoadedEditorAssemblies (262ms)
				LogAssemblyErrors (0ms)
				InitializePlatformSupportModulesInManaged (9ms)
				SetLoadedEditorAssemblies (0ms)
				RefreshPlugins (96ms)
				BeforeProcessingInitializeOnLoad (1ms)
				ProcessInitializeOnLoadAttributes (112ms)
				ProcessInitializeOnLoadMethodAttributes (43ms)
				AfterProcessingInitializeOnLoad (0ms)
				EditorAssembliesLoaded (0ms)
			ExecutionOrderSort2 (0ms)
			AwakeInstancesAfterBackupRestoration (0ms)
Platform modules already initialized, skipping
Registering precompiled user dll's ...
Registered in 0.014061 seconds.
Begin MonoManager ReloadAssembly
Symbol file LoadedFromMemory doesn't match image C:\Users\Admin\Documents\GitHub\Orbital-THAW-AND-RYAN-NEW\new project\Library\PackageCache\com.unity.visualscripting@1.8.0\Editor\VisualScripting.Core\Dependencies\DotNetZip\Unity.VisualScripting.IonicZip.dll
Symbol file LoadedFromMemory doesn't match image C:\Users\Admin\Documents\GitHub\Orbital-THAW-AND-RYAN-NEW\new project\Library\PackageCache\com.unity.visualscripting@1.8.0\Editor\VisualScripting.Core\Dependencies\YamlDotNet\Unity.VisualScripting.YamlDotNet.dll
Native extension for WindowsStandalone target not found
Native extension for WebGL target not found
Refreshing native plugins compatible for Editor in 96.16 ms, found 7 plugins.
Preloading 0 native plugins for Editor in 0.00 ms.
Mono: successfully reloaded assembly
- Completed reload, in  1.378 seconds
Domain Reload Profiling:
	ReloadAssembly (1379ms)
		BeginReloadAssembly (118ms)
			ExecutionOrderSort (0ms)
			DisableScriptedObjects (5ms)
			BackupInstance (0ms)
			ReleaseScriptingObjects (0ms)
			CreateAndSetChildDomain (19ms)
		EndReloadAssembly (1144ms)
			LoadAssemblies (104ms)
			RebuildTransferFunctionScriptingTraits (0ms)
			SetupTypeCache (242ms)
			ReleaseScriptCaches (1ms)
			RebuildScriptCaches (62ms)
			SetupLoadedEditorAssemblies (699ms)
				LogAssemblyErrors (0ms)
				InitializePlatformSupportModulesInManaged (7ms)
				SetLoadedEditorAssemblies (0ms)
				RefreshPlugins (96ms)
				BeforeProcessingInitializeOnLoad (102ms)
				ProcessInitializeOnLoadAttributes (453ms)
				ProcessInitializeOnLoadMethodAttributes (31ms)
				AfterProcessingInitializeOnLoad (9ms)
				EditorAssembliesLoaded (0ms)
			ExecutionOrderSort2 (0ms)
			AwakeInstancesAfterBackupRestoration (7ms)
Platform modules already initialized, skipping
========================================================================
Worker process is ready to serve import requests
Launched and connected shader compiler UnityShaderCompiler.exe after 0.04 seconds
Refreshing native plugins compatible for Editor in 1.39 ms, found 7 plugins.
Preloading 0 native plugins for Editor in 0.00 ms.
Unloading 4170 Unused Serialized files (Serialized files now loaded: 0)
Unloading 68 unused Assets / (57.6 KB). Loaded Objects now: 4614.
Memory consumption went from 160.7 MB to 160.7 MB.
Total: 3.662500 ms (FindLiveObjects: 0.397100 ms CreateObjectMapping: 0.099400 ms MarkObjects: 3.067100 ms  DeleteObjects: 0.098000 ms)

AssetImportParameters requested are different than current active one (requested -> active):
  custom:video-decoder-ogg-theora: a1e56fd34408186e4bbccfd4996cb3dc -> 
  custom:container-muxer-webm: aa71ff27fc2769a1b78a27578f13a17b -> 
  custom:container-demuxer-webm: 4f35f7cbe854078d1ac9338744f61a02 -> 
  custom:video-encoder-webm-vp8: eb34c28f22e8b96e1ab97ce403110664 -> 
  custom:audio-encoder-webm-vorbis: bf7c407c2cedff20999df2af8eb42d56 -> 
  custom:framework-win-MediaFoundation: 216162199b28c13a410421893ffa2e32 -> 
  custom:container-demuxer-ogg: 62fdf1f143b41e24485cea50d1cbac27 -> 
  custom:video-decoder-webm-vp8: 9c59270c3fd7afecdb556c50c9e8de78 -> 
  custom:audio-decoder-ogg-vorbis: bf7c407c2cedff20999df2af8eb42d56 -> 
========================================================================
Received Import Request.
  Time since last request: 24240.432512 seconds.
  path: Assets/Scenes/Game.unity
  artifactKey: Guid(9d1ee5afd46403048b4eec46f8d94425) Importer(815301076,1909f56bfc062723c751e8b465ee728b)
Start importing Assets/Scenes/Game.unity using Guid(9d1ee5afd46403048b4eec46f8d94425) Importer(815301076,1909f56bfc062723c751e8b465ee728b)  -> (artifact id: '49b93d78d46a5e2bba2402d509e8bc79') in 0.012397 seconds 
========================================================================
Received Import Request.
  Time since last request: 10.488215 seconds.
  path: Assets/Scenes/FarmHouse.unity
  artifactKey: Guid(1e6b8857d2ee40847b3224b9389ebafa) Importer(815301076,1909f56bfc062723c751e8b465ee728b)
Start importing Assets/Scenes/FarmHouse.unity using Guid(1e6b8857d2ee40847b3224b9389ebafa) Importer(815301076,1909f56bfc062723c751e8b465ee728b)  -> (artifact id: 'd9628cd43f670bd1f1b0fc7722cc7822') in 0.006676 seconds 
========================================================================
Received Import Request.
  Time since last request: 16.797718 seconds.
  path: Assets/Art/sprites/characters/player.png
  artifactKey: Guid(1f1d31cf00b08c444841043a4d394ea5) Importer(815301076,1909f56bfc062723c751e8b465ee728b)
Start importing Assets/Art/sprites/characters/player.png using Guid(1f1d31cf00b08c444841043a4d394ea5) Importer(815301076,1909f56bfc062723c751e8b465ee728b)  -> (artifact id: 'b3ca12108e30573f5a9da94dc1541342') in 0.185573 seconds 
========================================================================
Received Import Request.
  Time since last request: 0.423655 seconds.
  path: Assets/Art/sprites/tilesets/decor_16x16.png
  artifactKey: Guid(6e70e2337a0c428498e7720e03c9a82a) Importer(815301076,1909f56bfc062723c751e8b465ee728b)
Start importing Assets/Art/sprites/tilesets/decor_16x16.png using Guid(6e70e2337a0c428498e7720e03c9a82a) Importer(815301076,1909f56bfc062723c751e8b465ee728b)  -> (artifact id: '7073be6194addd3b0f33088bea5e24d1') in 0.105139 seconds 
========================================================================
Received Import Request.
  Time since last request: 0.000028 seconds.
  path: Assets/Art/sprites/tilesets/TreeBig.png
  artifactKey: Guid(e84ea9add7b810943abdd57e16d4bbc4) Importer(815301076,1909f56bfc062723c751e8b465ee728b)
Start importing Assets/Art/sprites/tilesets/TreeBig.png using Guid(e84ea9add7b810943abdd57e16d4bbc4) Importer(815301076,1909f56bfc062723c751e8b465ee728b)  -> (artifact id: '3d09700afd4a6324626bcd9afe97e441') in 0.035001 seconds 
========================================================================
Received Import Request.
  Time since last request: 0.000021 seconds.
  path: Assets/Art/sprites/tilesets/TreeVariation.png
  artifactKey: Guid(d56907cb5f713174181236867752ffb2) Importer(815301076,1909f56bfc062723c751e8b465ee728b)
Start importing Assets/Art/sprites/tilesets/TreeVariation.png using Guid(d56907cb5f713174181236867752ffb2) Importer(815301076,1909f56bfc062723c751e8b465ee728b)  -> (artifact id: '36310cf18f82da46845887e2fb2da27f') in 0.036996 seconds 
========================================================================
Received Import Request.
  Time since last request: 0.000030 seconds.
  path: Assets/Art/sprites/tilesets/fences.png
  artifactKey: Guid(f6ad3d986433c554aa5f3f2d96da0290) Importer(815301076,1909f56bfc062723c751e8b465ee728b)
Start importing Assets/Art/sprites/tilesets/fences.png using Guid(f6ad3d986433c554aa5f3f2d96da0290) Importer(815301076,1909f56bfc062723c751e8b465ee728b)  -> (artifact id: '89120fd8fa2d2ef12cd28c935bc88911') in 0.047758 seconds 
========================================================================
Received Import Request.
  Time since last request: 0.000038 seconds.
  path: Assets/Art/sprites/tilesets/House3.png
  artifactKey: Guid(67bbf103a018ffa4aa2f63b87d97d5c6) Importer(815301076,1909f56bfc062723c751e8b465ee728b)
Start importing Assets/Art/sprites/tilesets/House3.png using Guid(67bbf103a018ffa4aa2f63b87d97d5c6) Importer(815301076,1909f56bfc062723c751e8b465ee728b)  -> (artifact id: '981500560518d90942caf896ab1bcbe4') in 0.068086 seconds 
========================================================================
Received Import Request.
  Time since last request: 31.268397 seconds.
  path: Assets/Characters/Player/PlayerInputActions.inputactions
  artifactKey: Guid(4303f968396d7d947ad618749c87b623) Importer(815301076,1909f56bfc062723c751e8b465ee728b)
Start importing Assets/Characters/Player/PlayerInputActions.inputactions using Guid(4303f968396d7d947ad618749c87b623) Importer(815301076,1909f56bfc062723c751e8b465ee728b)  -> (artifact id: 'c97dd4274d926576f2d56a006a086b4e') in 0.015720 seconds 
========================================================================
Received Import Request.
  Time since last request: 4.676467 seconds.
  path: Assets/Characters/Player/AC_Player.controller
  artifactKey: Guid(11de11979cdf27542be20492a9519bd2) Importer(815301076,1909f56bfc062723c751e8b465ee728b)
Start importing Assets/Characters/Player/AC_Player.controller using Guid(11de11979cdf27542be20492a9519bd2) Importer(815301076,1909f56bfc062723c751e8b465ee728b)  -> (artifact id: '28f658caaf7ef35d87acec0e2401fda9') in 0.008713 seconds 
